[INFO] Scanning for projects...
[INFO] 
[INFO] --------------< com.learning:clearing-settlement-engine >---------------
[INFO] Building clearing-settlement-engine 0.0.1-SNAPSHOT
[INFO]   from pom.xml
[INFO] --------------------------------[ jar ]---------------------------------
[INFO] 
[INFO] >>> spring-boot:3.4.2:run (default-cli) > test-compile @ clearing-settlement-engine >>>
[INFO] 
[INFO] --- resources:3.3.1:resources (default-resources) @ clearing-settlement-engine ---
[INFO] Copying 1 resource from src/main/resources to target/classes
[INFO] Copying 0 resource from src/main/resources to target/classes
[INFO] 
[INFO] --- compiler:3.13.0:compile (default-compile) @ clearing-settlement-engine ---
[INFO] Nothing to compile - all classes are up to date.
[INFO] 
[INFO] --- resources:3.3.1:testResources (default-testResources) @ clearing-settlement-engine ---
[INFO] skip non existing resourceDirectory /home/vini0410/code/basic-learning/deep-learning/projects/01-clearing-settlement-engine/src/test/resources
[INFO] 
[INFO] --- compiler:3.13.0:testCompile (default-testCompile) @ clearing-settlement-engine ---
[INFO] Recompiling the module because of changed source code.
[INFO] Compiling 2 source files with javac [debug parameters release 21] to target/test-classes
[INFO] Annotation processing is enabled because one or more processors were found
  on the class path. A future release of javac may disable annotation processing
  unless at least one processor is specified by name (-processor), or a search
  path is specified (--processor-path, --processor-module-path), or annotation
  processing is enabled explicitly (-proc:only, -proc:full).
  Use -Xlint:-options to suppress this message.
  Use -proc:none to disable annotation processing.
[INFO] 
[INFO] <<< spring-boot:3.4.2:run (default-cli) < test-compile @ clearing-settlement-engine <<<
[INFO] 
[INFO] 
[INFO] --- spring-boot:3.4.2:run (default-cli) @ clearing-settlement-engine ---
[INFO] Attaching agents: []

  .   ____          _            __ _ _
 /\\ / ___'_ __ _ _(_)_ __  __ _ \ \ \ \
( ( )\___ | '_ | '_| | '_ \/ _` | \ \ \ \
 \\/  ___)| |_)| | | | | || (_| |  ) ) ) )
  '  |____| .__|_| |_|_| |_\__, | / / / /
 =========|_|==============|___/=/_/_/_/

 :: Spring Boot ::                (v3.4.2)

2026-04-12T20:52:36.455-03:00  INFO 69320 --- [clearing-settlement-engine] [           main] c.l.c.ClearingSettlementApplication      : Starting ClearingSettlementApplication using Java 21.0.10 with PID 69320 (/home/vini0410/code/basic-learning/deep-learning/projects/01-clearing-settlement-engine/target/classes started by vini0410 in /home/vini0410/code/basic-learning/deep-learning/projects/01-clearing-settlement-engine)
2026-04-12T20:52:36.456-03:00  INFO 69320 --- [clearing-settlement-engine] [           main] c.l.c.ClearingSettlementApplication      : No active profile set, falling back to 1 default profile: "default"
2026-04-12T20:52:37.202-03:00  INFO 69320 --- [clearing-settlement-engine] [           main] .s.d.r.c.RepositoryConfigurationDelegate : Multiple Spring Data modules found, entering strict repository configuration mode
2026-04-12T20:52:37.203-03:00  INFO 69320 --- [clearing-settlement-engine] [           main] .s.d.r.c.RepositoryConfigurationDelegate : Bootstrapping Spring Data JPA repositories in DEFAULT mode.
2026-04-12T20:52:37.348-03:00  INFO 69320 --- [clearing-settlement-engine] [           main] .s.d.r.c.RepositoryConfigurationDelegate : Finished Spring Data repository scanning in 139 ms. Found 5 JPA repository interfaces.
2026-04-12T20:52:37.357-03:00  INFO 69320 --- [clearing-settlement-engine] [           main] .s.d.r.c.RepositoryConfigurationDelegate : Multiple Spring Data modules found, entering strict repository configuration mode
2026-04-12T20:52:37.358-03:00  INFO 69320 --- [clearing-settlement-engine] [           main] .s.d.r.c.RepositoryConfigurationDelegate : Bootstrapping Spring Data Redis repositories in DEFAULT mode.
2026-04-12T20:52:37.369-03:00  INFO 69320 --- [clearing-settlement-engine] [           main] .RepositoryConfigurationExtensionSupport : Spring Data Redis - Could not safely identify store assignment for repository candidate interface com.learning.clearing.domain.repository.AccountRepository; If you want this repository to be a Redis repository, consider annotating your entities with one of these annotations: org.springframework.data.redis.core.RedisHash (preferred), or consider extending one of the following types with your repository: org.springframework.data.keyvalue.repository.KeyValueRepository
2026-04-12T20:52:37.369-03:00  INFO 69320 --- [clearing-settlement-engine] [           main] .RepositoryConfigurationExtensionSupport : Spring Data Redis - Could not safely identify store assignment for repository candidate interface com.learning.clearing.domain.repository.AuditRepository; If you want this repository to be a Redis repository, consider annotating your entities with one of these annotations: org.springframework.data.redis.core.RedisHash (preferred), or consider extending one of the following types with your repository: org.springframework.data.keyvalue.repository.KeyValueRepository
2026-04-12T20:52:37.369-03:00  INFO 69320 --- [clearing-settlement-engine] [           main] .RepositoryConfigurationExtensionSupport : Spring Data Redis - Could not safely identify store assignment for repository candidate interface com.learning.clearing.domain.repository.OutboxDeadLetterRepository; If you want this repository to be a Redis repository, consider annotating your entities with one of these annotations: org.springframework.data.redis.core.RedisHash (preferred), or consider extending one of the following types with your repository: org.springframework.data.keyvalue.repository.KeyValueRepository
2026-04-12T20:52:37.369-03:00  INFO 69320 --- [clearing-settlement-engine] [           main] .RepositoryConfigurationExtensionSupport : Spring Data Redis - Could not safely identify store assignment for repository candidate interface com.learning.clearing.domain.repository.OutboxRepository; If you want this repository to be a Redis repository, consider annotating your entities with one of these annotations: org.springframework.data.redis.core.RedisHash (preferred), or consider extending one of the following types with your repository: org.springframework.data.keyvalue.repository.KeyValueRepository
2026-04-12T20:52:37.371-03:00  INFO 69320 --- [clearing-settlement-engine] [           main] .RepositoryConfigurationExtensionSupport : Spring Data Redis - Could not safely identify store assignment for repository candidate interface com.learning.clearing.domain.repository.TransactionRepository; If you want this repository to be a Redis repository, consider annotating your entities with one of these annotations: org.springframework.data.redis.core.RedisHash (preferred), or consider extending one of the following types with your repository: org.springframework.data.keyvalue.repository.KeyValueRepository
2026-04-12T20:52:37.371-03:00  INFO 69320 --- [clearing-settlement-engine] [           main] .s.d.r.c.RepositoryConfigurationDelegate : Finished Spring Data repository scanning in 7 ms. Found 0 Redis repository interfaces.
2026-04-12T20:52:38.153-03:00  INFO 69320 --- [clearing-settlement-engine] [           main] o.s.b.w.embedded.tomcat.TomcatWebServer  : Tomcat initialized with port 8080 (http)
2026-04-12T20:52:38.162-03:00  INFO 69320 --- [clearing-settlement-engine] [           main] o.apache.catalina.core.StandardService   : Starting service [Tomcat]
2026-04-12T20:52:38.162-03:00  INFO 69320 --- [clearing-settlement-engine] [           main] o.apache.catalina.core.StandardEngine    : Starting Servlet engine: [Apache Tomcat/10.1.34]
2026-04-12T20:52:38.195-03:00  INFO 69320 --- [clearing-settlement-engine] [           main] o.a.c.c.C.[Tomcat].[localhost].[/]       : Initializing Spring embedded WebApplicationContext
2026-04-12T20:52:38.196-03:00  INFO 69320 --- [clearing-settlement-engine] [           main] w.s.c.ServletWebServerApplicationContext : Root WebApplicationContext: initialization completed in 1708 ms
2026-04-12T20:52:38.552-03:00  INFO 69320 --- [clearing-settlement-engine] [           main] o.hibernate.jpa.internal.util.LogHelper  : HHH000204: Processing PersistenceUnitInfo [name: default]
2026-04-12T20:52:38.584-03:00  INFO 69320 --- [clearing-settlement-engine] [           main] org.hibernate.Version                    : HHH000412: Hibernate ORM core version 6.6.5.Final
2026-04-12T20:52:38.605-03:00  INFO 69320 --- [clearing-settlement-engine] [           main] o.h.c.internal.RegionFactoryInitiator    : HHH000026: Second-level cache disabled
2026-04-12T20:52:38.763-03:00  INFO 69320 --- [clearing-settlement-engine] [           main] o.s.o.j.p.SpringPersistenceUnitInfo      : No LoadTimeWeaver setup: ignoring JPA class transformer
2026-04-12T20:52:38.780-03:00  INFO 69320 --- [clearing-settlement-engine] [           main] com.zaxxer.hikari.HikariDataSource       : HikariPoolClearing - Starting...
2026-04-12T20:52:38.882-03:00  INFO 69320 --- [clearing-settlement-engine] [           main] com.zaxxer.hikari.pool.HikariPool        : HikariPoolClearing - Added connection org.postgresql.jdbc.PgConnection@70f8d217
2026-04-12T20:52:38.883-03:00  INFO 69320 --- [clearing-settlement-engine] [           main] com.zaxxer.hikari.HikariDataSource       : HikariPoolClearing - Start completed.
2026-04-12T20:52:38.924-03:00  INFO 69320 --- [clearing-settlement-engine] [           main] org.hibernate.orm.connections.pooling    : HHH10001005: Database info:
	Database JDBC URL [Connecting through datasource 'HikariDataSource (HikariPoolClearing)']
	Database driver: undefined/unknown
	Database version: 16.13
	Autocommit mode: undefined/unknown
	Isolation level: undefined/unknown
	Minimum pool size: undefined/unknown
	Maximum pool size: undefined/unknown
2026-04-12T20:52:39.537-03:00  INFO 69320 --- [clearing-settlement-engine] [           main] o.h.e.t.j.p.i.JtaPlatformInitiator       : HHH000489: No JTA platform available (set 'hibernate.transaction.jta.platform' to enable JTA platform integration)
2026-04-12T20:52:39.576-03:00  INFO 69320 --- [clearing-settlement-engine] [           main] j.LocalContainerEntityManagerFactoryBean : Initialized JPA EntityManagerFactory for persistence unit 'default'
2026-04-12T20:52:40.035-03:00  INFO 69320 --- [clearing-settlement-engine] [           main] org.redisson.Version                     : Redisson 3.42.0
2026-04-12T20:52:40.188-03:00  INFO 69320 --- [clearing-settlement-engine] [isson-netty-1-5] o.redisson.connection.ConnectionsHolder  : 1 connections initialized for localhost/127.0.0.1:6379
2026-04-12T20:52:40.257-03:00  INFO 69320 --- [clearing-settlement-engine] [sson-netty-1-20] o.redisson.connection.ConnectionsHolder  : 24 connections initialized for localhost/127.0.0.1:6379
2026-04-12T20:52:40.783-03:00  WARN 69320 --- [clearing-settlement-engine] [           main] JpaBaseConfiguration$JpaWebConfiguration : spring.jpa.open-in-view is enabled by default. Therefore, database queries may be performed during view rendering. Explicitly configure spring.jpa.open-in-view to disable this warning
2026-04-12T20:52:41.956-03:00  INFO 69320 --- [clearing-settlement-engine] [           main] o.s.b.a.e.web.EndpointLinksResolver      : Exposing 6 endpoints beneath base path '/actuator'
2026-04-12T20:52:42.046-03:00  WARN 69320 --- [clearing-settlement-engine] [           main] ConfigServletWebServerApplicationContext : Exception encountered during context initialization - cancelling refresh attempt: org.springframework.context.ApplicationContextException: Failed to start bean 'webServerStartStop'
2026-04-12T20:52:42.068-03:00  INFO 69320 --- [clearing-settlement-engine] [           main] j.LocalContainerEntityManagerFactoryBean : Closing JPA EntityManagerFactory for persistence unit 'default'
2026-04-12T20:52:42.069-03:00  INFO 69320 --- [clearing-settlement-engine] [           main] com.zaxxer.hikari.HikariDataSource       : HikariPoolClearing - Shutdown initiated...
2026-04-12T20:52:42.072-03:00  INFO 69320 --- [clearing-settlement-engine] [           main] com.zaxxer.hikari.HikariDataSource       : HikariPoolClearing - Shutdown completed.
2026-04-12T20:52:42.087-03:00  INFO 69320 --- [clearing-settlement-engine] [           main] .s.b.a.l.ConditionEvaluationReportLogger : 

Error starting ApplicationContext. To display the condition evaluation report re-run your application with 'debug' enabled.
2026-04-12T20:52:42.097-03:00 ERROR 69320 --- [clearing-settlement-engine] [           main] o.s.b.d.LoggingFailureAnalysisReporter   : 

***************************
APPLICATION FAILED TO START
***************************

Description:

Web server failed to start. Port 8080 was already in use.

Action:

Identify and stop the process that's listening on port 8080 or configure this application to listen on another port.

[INFO] ------------------------------------------------------------------------
[INFO] BUILD FAILURE
[INFO] ------------------------------------------------------------------------
[INFO] Total time:  9.608 s
[INFO] Finished at: 2026-04-12T20:52:43-03:00
[INFO] ------------------------------------------------------------------------
[ERROR] Failed to execute goal org.springframework.boot:spring-boot-maven-plugin:3.4.2:run (default-cli) on project clearing-settlement-engine: Process terminated with exit code: 1 -> [Help 1]
[ERROR] 
[ERROR] To see the full stack trace of the errors, re-run Maven with the -e switch.
[ERROR] Re-run Maven using the -X switch to enable full debug logging.
[ERROR] 
[ERROR] For more information about the errors and possible solutions, please read the following articles:
[ERROR] [Help 1] http://cwiki.apache.org/confluence/display/MAVEN/MojoExecutionException
